<?xml version="1.0" encoding="UTF-8"?>
<!-- Generated by org.testng.reporters.JUnitReportReporter -->
<testsuite name="scriptsTestNG.testRun" tests="1" time="0.011" ignored="0" failures="0" timestamp="21 Apr 2020 01:00:43 GMT" skipped="0" hostname="Razin-Anik" errors="0">
  <testcase name="maintest" time="0.011" classname="scriptsTestNG.testRun"/>
</testsuite> <!-- scriptsTestNG.testRun -->
