<?xml version="1.0" encoding="UTF-8"?>
<!-- Generated by org.testng.reporters.JUnitReportReporter -->
<testsuite name="scripts.elementCheck" tests="2" time="6.326" ignored="1" failures="0" timestamp="26 Apr 2020 15:14:15 GMT" skipped="0" hostname="Razin-Anik" errors="0">
  <testcase name="validateElementPresent" time="4.306" classname="scripts.elementCheck"/>
  <testcase name="validateMessangerURL" time="2.020" classname="scripts.elementCheck"/>
  <testcase name="atest" classname="scripts.codeRun">
    <skipped/>
  </testcase> <!-- atest -->
</testsuite> <!-- scripts.elementCheck -->
