<?xml version="1.0" encoding="UTF-8"?>
<!-- Generated by org.testng.reporters.JUnitReportReporter -->
<testsuite name="scripts.testRun" tests="3" time="0.006" ignored="0" failures="0" timestamp="26 Apr 2020 11:54:07 GMT" skipped="0" hostname="Razin-Anik" errors="0">
  <testcase name="validateTitle" time="0.001" classname="scripts.testRun"/>
  <testcase name="validateTextPresnt" time="0.001" classname="scripts.testRun"/>
  <testcase name="validateUrl" time="0.004" classname="scripts.testRun"/>
</testsuite> <!-- scripts.testRun -->
