<?xml version="1.0" encoding="UTF-8"?>
<!-- Generated by org.testng.reporters.JUnitReportReporter -->
<testsuite name="scripts.testRun" tests="3" time="0.005" ignored="1" failures="0" timestamp="26 Apr 2020 16:37:26 GMT" skipped="0" hostname="Razin-Anik" errors="0">
  <testcase name="validateTextPresnt" time="0.001" classname="scripts.testRun"/>
  <testcase name="validateUrl" time="0.002" classname="scripts.testRun"/>
  <testcase name="validateTitle" time="0.002" classname="scripts.testRun"/>
  <testcase name="atest" classname="scripts.codeRun">
    <skipped/>
  </testcase> <!-- atest -->
</testsuite> <!-- scripts.testRun -->
