<?xml version="1.0" encoding="UTF-8"?>
<!-- Generated by org.testng.reporters.JUnitReportReporter -->
<testsuite name="scripts.codeRun" tests="2" time="0.017" ignored="1" failures="0" timestamp="26 Apr 2020 16:37:26 GMT" skipped="0" hostname="Razin-Anik" errors="0">
  <testcase name="btest" time="0.003" classname="scripts.codeRun"/>
  <testcase name="ctest" time="0.014" classname="scripts.codeRun"/>
  <testcase name="atest" classname="scripts.codeRun">
    <skipped/>
  </testcase> <!-- atest -->
</testsuite> <!-- scripts.codeRun -->
