<?xml version="1.0" encoding="UTF-8"?>
<!-- Generated by org.testng.reporters.JUnitReportReporter -->
<testsuite hostname="DESKTOP-E69K95O" name="com.app.Tests.signOnTest" tests="2" failures="0" timestamp="21 Mar 2020 16:45:22 GMT" time="1.826" errors="0">
  <testcase name="validateWebElementPresent" time="0.091" classname="com.app.Tests.signOnTest"/>
  <testcase name="validateSignOnNegative" time="1.735" classname="com.app.Tests.signOnTest"/>
</testsuite> <!-- com.app.Tests.signOnTest -->
