<?xml version="1.0" encoding="UTF-8"?>
<!-- Generated by org.testng.reporters.JUnitReportReporter -->
<testsuite hostname="DESKTOP-E69K95O" name="com.app.Tests.signOnTestData" tests="6" failures="0" timestamp="21 Mar 2020 18:13:57 GMT" time="32.376" errors="0">
  <testcase name="validateSignOn" time="12.931" classname="com.app.Tests.signOnTestData"/>
  <testcase name="validateWebElementPresent" time="0.083" classname="com.app.Tests.signOnTestData"/>
  <testcase name="validateWebElementPresent" time="0.087" classname="com.app.Tests.signOnTestData"/>
  <testcase name="validateSignOn" time="6.915" classname="com.app.Tests.signOnTestData"/>
  <testcase name="validateWebElementPresent" time="0.098" classname="com.app.Tests.signOnTestData"/>
  <testcase name="validateSignOn" time="12.262" classname="com.app.Tests.signOnTestData"/>
</testsuite> <!-- com.app.Tests.signOnTestData -->
