<?xml version="1.0" encoding="UTF-8"?>
<!-- Generated by org.testng.reporters.JUnitReportReporter -->
<testsuite hostname="DESKTOP-E69K95O" name="com.app.Tests.basicTestNGTest" tests="2" failures="0" timestamp="21 Mar 2020 16:41:29 GMT" time="0.003" errors="0">
  <testcase name="bmainTest" time="0.001" classname="com.app.Tests.basicTestNGTest"/>
  <testcase name="amainTest" time="0.002" classname="com.app.Tests.basicTestNGTest"/>
</testsuite> <!-- com.app.Tests.basicTestNGTest -->
