<?xml version="1.0" encoding="UTF-8"?>
<!-- Generated by org.testng.reporters.JUnitReportReporter -->
<testsuite hostname="DESKTOP-E69K95O" name="com.app.Tests.newTourTest" tests="3" failures="0" timestamp="15 Mar 2020 17:37:42 GMT" time="3.115" errors="0">
  <testcase name="elementDisplayed" time="2.484" classname="com.app.Tests.newTourTest"/>
  <testcase name="validateTitle" time="0.285" classname="com.app.Tests.newTourTest"/>
  <testcase name="validateURL" time="0.346" classname="com.app.Tests.newTourTest"/>
</testsuite> <!-- com.app.Tests.newTourTest -->
