<?xml version="1.0" encoding="UTF-8"?>
<!-- Generated by org.testng.reporters.JUnitReportReporter -->
<testsuite hostname="DESKTOP-E69K95O" name="com.app.Tests.basicTestNGTest" tests="2" failures="0" timestamp="15 Mar 2020 16:45:06 GMT" time="0.006" errors="0">
  <testcase name="amainTest" time="0.000" classname="com.app.Tests.basicTestNGTest"/>
  <testcase name="bmainTest" time="0.006" classname="com.app.Tests.basicTestNGTest"/>
</testsuite> <!-- com.app.Tests.basicTestNGTest -->
