<?xml version="1.0" encoding="UTF-8"?>
<!-- Generated by org.testng.reporters.JUnitReportReporter -->
<testsuite hostname="DESKTOP-E69K95O" name="com.app.Tests.newTourTest" tests="3" failures="0" timestamp="21 Mar 2020 16:41:29 GMT" time="3.488" errors="0">
  <testcase name="validateTitle" time="0.361" classname="com.app.Tests.newTourTest"/>
  <testcase name="elementDisplayed" time="2.625" classname="com.app.Tests.newTourTest"/>
  <testcase name="validateURL" time="0.502" classname="com.app.Tests.newTourTest"/>
</testsuite> <!-- com.app.Tests.newTourTest -->
